<?xml version="1.0" encoding="UTF-8"?>
<!-- Generated by org.testng.reporters.JUnitXMLReporter -->
<testsuite ignored="0" hostname="Jay" failures="1" tests="2" name="Command line test" time="12.056" errors="0" timestamp="06 Apr 2019 10:08:21 GMT">
  <testcase classname="JUnit.TestLogin" name="failed" time="1.938"/>
  <testcase classname="JUnit.TestLogin" name="succeeded" time="1.759">
    <failure type="java.lang.AssertionError" message="success message not present">
      <![CDATA[java.lang.AssertionError: success message not present
at org.junit.Assert.fail(Assert.java:88)
at org.junit.Assert.assertTrue(Assert.java:41)
at org.junit.Assert.assertFalse(Assert.java:64)
at JUnit.TestLogin.succeeded(TestLogin.java:41)
... Removed 34 stack frames]]>
    </failure>
  </testcase> <!-- succeeded -->
</testsuite> <!-- Command line test -->
